<?xml version="1.0" encoding="UTF-8"?>
<testsuite name="com.example.springjdbc.SpringJdbcApplicationTests" tests="1" skipped="0" failures="0" errors="0" timestamp="2021-03-14T01:41:18" hostname="DESKTOP-LQPVBQN" time="6.018">
  <properties/>
  <testcase name="contextLoads()" classname="com.example.springjdbc.SpringJdbcApplicationTests" time="6.018"/>
  <system-out><![CDATA[17:40:25.319 [Test worker] DEBUG org.springframework.test.context.BootstrapUtils - Instantiating CacheAwareContextLoaderDelegate from class [org.springframework.test.context.cache.DefaultCacheAwareContextLoaderDelegate]
17:40:25.737 [Test worker] DEBUG org.springframework.test.context.BootstrapUtils - Instantiating BootstrapContext using constructor [public org.springframework.test.context.support.DefaultBootstrapContext(java.lang.Class,org.springframework.test.context.CacheAwareContextLoaderDelegate)]
17:40:26.320 [Test worker] DEBUG org.springframework.test.context.BootstrapUtils - Instantiating TestContextBootstrapper for test class [com.example.springjdbc.SpringJdbcApplicationTests] from class [org.springframework.boot.test.context.SpringBootTestContextBootstrapper]
17:40:26.626 [Test worker] INFO org.springframework.boot.test.context.SpringBootTestContextBootstrapper - Neither @ContextConfiguration nor @ContextHierarchy found for test class [com.example.springjdbc.SpringJdbcApplicationTests], using SpringBootContextLoader
17:40:26.846 [Test worker] DEBUG org.springframework.test.context.support.AbstractContextLoader - Did not detect default resource location for test class [com.example.springjdbc.SpringJdbcApplicationTests]: class path resource [com/example/springjdbc/SpringJdbcApplicationTests-context.xml] does not exist
17:40:26.867 [Test worker] DEBUG org.springframework.test.context.support.AbstractContextLoader - Did not detect default resource location for test class [com.example.springjdbc.SpringJdbcApplicationTests]: class path resource [com/example/springjdbc/SpringJdbcApplicationTestsContext.groovy] does not exist
17:40:26.868 [Test worker] INFO org.springframework.test.context.support.AbstractContextLoader - Could not detect default resource locations for test class [com.example.springjdbc.SpringJdbcApplicationTests]: no resource found for suffixes {-context.xml, Context.groovy}.
17:40:26.885 [Test worker] INFO org.springframework.test.context.support.AnnotationConfigContextLoaderUtils - Could not detect default configuration classes for test class [com.example.springjdbc.SpringJdbcApplicationTests]: SpringJdbcApplicationTests does not declare any static, non-private, non-final, nested classes annotated with @Configuration.
17:40:27.993 [Test worker] DEBUG org.springframework.test.context.support.ActiveProfilesUtils - Could not find an 'annotation declaring class' for annotation type [org.springframework.test.context.ActiveProfiles] and class [com.example.springjdbc.SpringJdbcApplicationTests]
17:40:29.376 [Test worker] DEBUG org.springframework.context.annotation.ClassPathScanningCandidateComponentProvider - Identified candidate component class: file [/mnt/d/CMPE 172/lab5/spring-jdbc/build/classes/java/main/com/example/springjdbc/SpringJdbcApplication.class]
17:40:29.410 [Test worker] INFO org.springframework.boot.test.context.SpringBootTestContextBootstrapper - Found @SpringBootConfiguration com.example.springjdbc.SpringJdbcApplication for test class com.example.springjdbc.SpringJdbcApplicationTests
17:40:31.915 [Test worker] DEBUG org.springframework.boot.test.context.SpringBootTestContextBootstrapper - @TestExecutionListeners is not present for class [com.example.springjdbc.SpringJdbcApplicationTests]: using defaults.
17:40:31.925 [Test worker] INFO org.springframework.boot.test.context.SpringBootTestContextBootstrapper - Loaded default TestExecutionListener class names from location [META-INF/spring.factories]: [org.springframework.boot.test.autoconfigure.restdocs.RestDocsTestExecutionListener, org.springframework.boot.test.autoconfigure.web.client.MockRestServiceServerResetTestExecutionListener, org.springframework.boot.test.autoconfigure.web.servlet.MockMvcPrintOnlyOnFailureTestExecutionListener, org.springframework.boot.test.autoconfigure.web.servlet.WebDriverTestExecutionListener, org.springframework.boot.test.autoconfigure.webservices.client.MockWebServiceServerTestExecutionListener, org.springframework.boot.test.mock.mockito.MockitoTestExecutionListener, org.springframework.boot.test.mock.mockito.ResetMocksTestExecutionListener, org.springframework.test.context.web.ServletTestExecutionListener, org.springframework.test.context.support.DirtiesContextBeforeModesTestExecutionListener, org.springframework.test.context.event.ApplicationEventsTestExecutionListener, org.springframework.test.context.support.DependencyInjectionTestExecutionListener, org.springframework.test.context.support.DirtiesContextTestExecutionListener, org.springframework.test.context.transaction.TransactionalTestExecutionListener, org.springframework.test.context.jdbc.SqlScriptsTestExecutionListener, org.springframework.test.context.event.EventPublishingTestExecutionListener]
17:40:32.410 [Test worker] INFO org.springframework.boot.test.context.SpringBootTestContextBootstrapper - Using TestExecutionListeners: [org.springframework.test.context.web.ServletTestExecutionListener@790d8d02, org.springframework.test.context.support.DirtiesContextBeforeModesTestExecutionListener@1f9f6ed, org.springframework.test.context.event.ApplicationEventsTestExecutionListener@94c3771c, org.springframework.boot.test.mock.mockito.MockitoTestExecutionListener@3c6f9c69, org.springframework.boot.test.autoconfigure.SpringBootDependencyInjectionTestExecutionListener@4440c8a6, org.springframework.test.context.support.DirtiesContextTestExecutionListener@6f1b1ad2, org.springframework.test.context.transaction.TransactionalTestExecutionListener@76941453, org.springframework.test.context.jdbc.SqlScriptsTestExecutionListener@406a5b6a, org.springframework.test.context.event.EventPublishingTestExecutionListener@2ab2886a, org.springframework.boot.test.autoconfigure.restdocs.RestDocsTestExecutionListener@2c3c9f93, org.springframework.boot.test.autoconfigure.web.client.MockRestServiceServerResetTestExecutionListener@5b782ed8, org.springframework.boot.test.autoconfigure.web.servlet.MockMvcPrintOnlyOnFailureTestExecutionListener@948ca52d, org.springframework.boot.test.autoconfigure.web.servlet.WebDriverTestExecutionListener@725b0941, org.springframework.boot.test.autoconfigure.webservices.client.MockWebServiceServerTestExecutionListener@1109b370, org.springframework.boot.test.mock.mockito.ResetMocksTestExecutionListener@2655fb85]
17:40:32.505 [Test worker] DEBUG org.springframework.test.context.support.AbstractDirtiesContextTestExecutionListener - Before test class: context [DefaultTestContext@a8e6197f testClass = SpringJdbcApplicationTests, testInstance = [null], testMethod = [null], testException = [null], mergedContextConfiguration = [WebMergedContextConfiguration@12f67c89 testClass = SpringJdbcApplicationTests, locations = '{}', classes = '{class com.example.springjdbc.SpringJdbcApplication}', contextInitializerClasses = '[]', activeProfiles = '{}', propertySourceLocations = '{}', propertySourceProperties = '{org.springframework.boot.test.context.SpringBootTestContextBootstrapper=true}', contextCustomizers = set[org.springframework.boot.test.autoconfigure.actuate.metrics.MetricsExportContextCustomizerFactory$DisableMetricExportContextCustomizer@c82ddb59, org.springframework.boot.test.autoconfigure.properties.PropertyMappingContextCustomizer@0, org.springframework.boot.test.autoconfigure.web.servlet.WebDriverContextCustomizerFactory$Customizer@85578ede, org.springframework.boot.test.context.filter.ExcludeFilterContextCustomizer@bee8d685, org.springframework.boot.test.json.DuplicateJsonObjectContextCustomizerFactory$DuplicateJsonObjectContextCustomizer@c54383bd, org.springframework.boot.test.mock.mockito.MockitoContextCustomizer@0, org.springframework.boot.test.web.client.TestRestTemplateContextCustomizer@fec1565d, org.springframework.boot.test.context.SpringBootTestArgs@1, org.springframework.boot.test.context.SpringBootTestWebEnvironment@159f1082], resourceBasePath = 'src/main/webapp', contextLoader = 'org.springframework.boot.test.context.SpringBootContextLoader', parent = [null]], attributes = map['org.springframework.test.context.web.ServletTestExecutionListener.activateListener' -> true]], class annotated with @DirtiesContext [false] with mode [null].
17:40:33.185 [Test worker] DEBUG org.springframework.test.context.support.TestPropertySourceUtils - Adding inlined properties to environment: {spring.jmx.enabled=false, org.springframework.boot.test.context.SpringBootTestContextBootstrapper=true}

  .   ____          _            __ _ _
 /\\ / ___'_ __ _ _(_)_ __  __ _ \ \ \ \
( ( )\___ | '_ | '_| | '_ \/ _` | \ \ \ \
 \\/  ___)| |_)| | | | | || (_| |  ) ) ) )
  '  |____| .__|_| |_|_| |_\__, | / / / /
 =========|_|==============|___/=/_/_/_/
 :: Spring Boot ::                (v2.4.3)

2021-03-13 17:40:37.436  INFO 2925 --- [    Test worker] c.e.s.SpringJdbcApplicationTests         : Starting SpringJdbcApplicationTests using Java 11.0.10 on DESKTOP-LQPVBQN with PID 2925 (started by jclee in /mnt/d/CMPE 172/lab5/spring-jdbc)
2021-03-13 17:40:37.448  INFO 2925 --- [    Test worker] c.e.s.SpringJdbcApplicationTests         : No active profile set, falling back to default profiles: default
2021-03-13 17:40:47.520  INFO 2925 --- [    Test worker] .s.d.r.c.RepositoryConfigurationDelegate : Bootstrapping Spring Data JDBC repositories in DEFAULT mode.
2021-03-13 17:40:47.787  INFO 2925 --- [    Test worker] .s.d.r.c.RepositoryConfigurationDelegate : Finished Spring Data repository scanning in 198 ms. Found 0 JDBC repository interfaces.
2021-03-13 17:41:03.904  INFO 2925 --- [    Test worker] o.s.s.concurrent.ThreadPoolTaskExecutor  : Initializing ExecutorService 'applicationTaskExecutor'
2021-03-13 17:41:11.331  INFO 2925 --- [    Test worker] com.zaxxer.hikari.HikariDataSource       : HikariPool-1 - Starting...
2021-03-13 17:41:15.338  INFO 2925 --- [    Test worker] com.zaxxer.hikari.HikariDataSource       : HikariPool-1 - Start completed.
2021-03-13 17:41:17.387  INFO 2925 --- [    Test worker] c.e.s.SpringJdbcApplicationTests         : Started SpringJdbcApplicationTests in 44.088 seconds (JVM running for 61.44)
2021-03-13 17:41:17.400  INFO 2925 --- [    Test worker] c.e.springjdbc.SpringJdbcApplication     : Creating tables
2021-03-13 17:41:17.668  INFO 2925 --- [    Test worker] c.e.springjdbc.SpringJdbcApplication     : Inserting customer record for John Woo
2021-03-13 17:41:17.668  INFO 2925 --- [    Test worker] c.e.springjdbc.SpringJdbcApplication     : Inserting customer record for Jeff Dean
2021-03-13 17:41:17.669  INFO 2925 --- [    Test worker] c.e.springjdbc.SpringJdbcApplication     : Inserting customer record for Josh Bloch
2021-03-13 17:41:17.669  INFO 2925 --- [    Test worker] c.e.springjdbc.SpringJdbcApplication     : Inserting customer record for Josh Long
2021-03-13 17:41:17.823  INFO 2925 --- [    Test worker] c.e.springjdbc.SpringJdbcApplication     : Querying for customer records where first_name = 'Josh':
2021-03-13 17:41:17.981  INFO 2925 --- [    Test worker] c.e.springjdbc.SpringJdbcApplication     : Customer[id=3, firstName='Josh', lastName='Bloch']
2021-03-13 17:41:17.982  INFO 2925 --- [    Test worker] c.e.springjdbc.SpringJdbcApplication     : Customer[id=4, firstName='Josh', lastName='Long']
]]></system-out>
  <system-err><![CDATA[]]></system-err>
</testsuite>
