<?xml version="1.0" encoding="UTF-8"?>
<testsuite name="com.example.springtest.WebMockTest" tests="1" skipped="0" failures="0" errors="0" timestamp="2021-02-13T05:13:04" hostname="DESKTOP-LQPVBQN" time="0.759">
  <properties/>
  <testcase name="greetingShouldReturnMessageFromService()" classname="com.example.springtest.WebMockTest" time="0.759"/>
  <system-out><![CDATA[2021-02-12 21:12:43.596  INFO 11224 --- [    Test worker] .b.t.a.w.s.WebMvcTestContextBootstrapper : Neither @ContextConfiguration nor @ContextHierarchy found for test class [com.example.springtest.WebMockTest], using SpringBootContextLoader
2021-02-12 21:12:43.652  INFO 11224 --- [    Test worker] o.s.t.c.support.AbstractContextLoader    : Could not detect default resource locations for test class [com.example.springtest.WebMockTest]: no resource found for suffixes {-context.xml, Context.groovy}.
2021-02-12 21:12:43.653  INFO 11224 --- [    Test worker] t.c.s.AnnotationConfigContextLoaderUtils : Could not detect default configuration classes for test class [com.example.springtest.WebMockTest]: WebMockTest does not declare any static, non-private, non-final, nested classes annotated with @Configuration.
2021-02-12 21:12:43.675  INFO 11224 --- [    Test worker] .b.t.c.SpringBootTestContextBootstrapper : Found @SpringBootConfiguration com.example.springtest.SpringTestApplication for test class com.example.springtest.WebMockTest
2021-02-12 21:12:43.677  INFO 11224 --- [    Test worker] .b.t.a.w.s.WebMvcTestContextBootstrapper : Loaded default TestExecutionListener class names from location [META-INF/spring.factories]: [org.springframework.boot.test.autoconfigure.restdocs.RestDocsTestExecutionListener, org.springframework.boot.test.autoconfigure.web.client.MockRestServiceServerResetTestExecutionListener, org.springframework.boot.test.autoconfigure.web.servlet.MockMvcPrintOnlyOnFailureTestExecutionListener, org.springframework.boot.test.autoconfigure.web.servlet.WebDriverTestExecutionListener, org.springframework.boot.test.autoconfigure.webservices.client.MockWebServiceServerTestExecutionListener, org.springframework.boot.test.mock.mockito.MockitoTestExecutionListener, org.springframework.boot.test.mock.mockito.ResetMocksTestExecutionListener, org.springframework.test.context.web.ServletTestExecutionListener, org.springframework.test.context.support.DirtiesContextBeforeModesTestExecutionListener, org.springframework.test.context.event.ApplicationEventsTestExecutionListener, org.springframework.test.context.support.DependencyInjectionTestExecutionListener, org.springframework.test.context.support.DirtiesContextTestExecutionListener, org.springframework.test.context.transaction.TransactionalTestExecutionListener, org.springframework.test.context.jdbc.SqlScriptsTestExecutionListener, org.springframework.test.context.event.EventPublishingTestExecutionListener]
2021-02-12 21:12:43.707  INFO 11224 --- [    Test worker] .b.t.a.w.s.WebMvcTestContextBootstrapper : Using TestExecutionListeners: [org.springframework.test.context.web.ServletTestExecutionListener@950eaac7, org.springframework.test.context.support.DirtiesContextBeforeModesTestExecutionListener@70f04aa3, org.springframework.test.context.event.ApplicationEventsTestExecutionListener@3b0098ce, org.springframework.boot.test.mock.mockito.MockitoTestExecutionListener@1e04f423, org.springframework.boot.test.autoconfigure.SpringBootDependencyInjectionTestExecutionListener@ed3c70a1, org.springframework.test.context.support.DirtiesContextTestExecutionListener@62fc94fd, org.springframework.test.context.event.EventPublishingTestExecutionListener@674c0c1f, org.springframework.boot.test.autoconfigure.restdocs.RestDocsTestExecutionListener@57ea38e5, org.springframework.boot.test.autoconfigure.web.client.MockRestServiceServerResetTestExecutionListener@5b0b80b, org.springframework.boot.test.autoconfigure.web.servlet.MockMvcPrintOnlyOnFailureTestExecutionListener@9db1c706, org.springframework.boot.test.autoconfigure.web.servlet.WebDriverTestExecutionListener@d60295fc, org.springframework.boot.test.autoconfigure.webservices.client.MockWebServiceServerTestExecutionListener@9926c5e9, org.springframework.boot.test.mock.mockito.ResetMocksTestExecutionListener@7f5c99f5]

  .   ____          _            __ _ _
 /\\ / ___'_ __ _ _(_)_ __  __ _ \ \ \ \
( ( )\___ | '_ | '_| | '_ \/ _` | \ \ \ \
 \\/  ___)| |_)| | | | | || (_| |  ) ) ) )
  '  |____| .__|_| |_|_| |_\__, | / / / /
 =========|_|==============|___/=/_/_/_/
 :: Spring Boot ::                (v2.4.2)

2021-02-12 21:12:44.379  INFO 11224 --- [    Test worker] com.example.springtest.WebMockTest       : Starting WebMockTest using Java 11.0.10 on DESKTOP-LQPVBQN with PID 11224 (started by jclee in /mnt/d/CMPE 172/lab2/spring-test)
2021-02-12 21:12:44.381  INFO 11224 --- [    Test worker] com.example.springtest.WebMockTest       : No active profile set, falling back to default profiles: default
2021-02-12 21:12:55.141  INFO 11224 --- [    Test worker] o.s.s.concurrent.ThreadPoolTaskExecutor  : Initializing ExecutorService 'applicationTaskExecutor'
2021-02-12 21:13:03.854  INFO 11224 --- [    Test worker] o.s.b.t.m.w.SpringBootMockServletContext : Initializing Spring TestDispatcherServlet ''
2021-02-12 21:13:03.855  INFO 11224 --- [    Test worker] o.s.t.web.servlet.TestDispatcherServlet  : Initializing Servlet ''
2021-02-12 21:13:03.856  INFO 11224 --- [    Test worker] o.s.t.web.servlet.TestDispatcherServlet  : Completed initialization in 1 ms
2021-02-12 21:13:04.325  INFO 11224 --- [    Test worker] com.example.springtest.WebMockTest       : Started WebMockTest in 20.589 seconds (JVM running for 208.777)

MockHttpServletRequest:
      HTTP Method = GET
      Request URI = /greeting
       Parameters = {}
          Headers = []
             Body = null
    Session Attrs = {}

Handler:
             Type = com.example.springtest.GreetingController
           Method = com.example.springtest.GreetingController#greeting()

Async:
    Async started = false
     Async result = null

Resolved Exception:
             Type = null

ModelAndView:
        View name = null
             View = null
            Model = null

FlashMap:
       Attributes = null

MockHttpServletResponse:
           Status = 200
    Error message = null
          Headers = [Content-Type:"text/plain;charset=UTF-8", Content-Length:"11"]
     Content type = text/plain;charset=UTF-8
             Body = Hello, Mock
    Forwarded URL = null
   Redirected URL = null
          Cookies = []
]]></system-out>
  <system-err><![CDATA[]]></system-err>
</testsuite>
