<?xml version="1.0" encoding="UTF-8"?>
<testsuite name="com.example.springtest.HttpRequestTest" tests="1" skipped="0" failures="0" errors="0" timestamp="2021-02-13T05:11:10" hostname="DESKTOP-LQPVBQN" time="23.811">
  <properties/>
  <testcase name="greetingShouldReturnDefaultMessage()" classname="com.example.springtest.HttpRequestTest" time="23.811"/>
  <system-out><![CDATA[21:09:48.309 [Test worker] DEBUG org.springframework.test.context.BootstrapUtils - Instantiating CacheAwareContextLoaderDelegate from class [org.springframework.test.context.cache.DefaultCacheAwareContextLoaderDelegate]
21:09:48.978 [Test worker] DEBUG org.springframework.test.context.BootstrapUtils - Instantiating BootstrapContext using constructor [public org.springframework.test.context.support.DefaultBootstrapContext(java.lang.Class,org.springframework.test.context.CacheAwareContextLoaderDelegate)]
21:09:49.951 [Test worker] DEBUG org.springframework.test.context.BootstrapUtils - Instantiating TestContextBootstrapper for test class [com.example.springtest.HttpRequestTest] from class [org.springframework.boot.test.context.SpringBootTestContextBootstrapper]
21:09:50.387 [Test worker] INFO org.springframework.boot.test.context.SpringBootTestContextBootstrapper - Neither @ContextConfiguration nor @ContextHierarchy found for test class [com.example.springtest.HttpRequestTest], using SpringBootContextLoader
21:09:50.543 [Test worker] DEBUG org.springframework.test.context.support.AbstractContextLoader - Did not detect default resource location for test class [com.example.springtest.HttpRequestTest]: class path resource [com/example/springtest/HttpRequestTest-context.xml] does not exist
21:09:50.573 [Test worker] DEBUG org.springframework.test.context.support.AbstractContextLoader - Did not detect default resource location for test class [com.example.springtest.HttpRequestTest]: class path resource [com/example/springtest/HttpRequestTestContext.groovy] does not exist
21:09:50.574 [Test worker] INFO org.springframework.test.context.support.AbstractContextLoader - Could not detect default resource locations for test class [com.example.springtest.HttpRequestTest]: no resource found for suffixes {-context.xml, Context.groovy}.
21:09:50.586 [Test worker] INFO org.springframework.test.context.support.AnnotationConfigContextLoaderUtils - Could not detect default configuration classes for test class [com.example.springtest.HttpRequestTest]: HttpRequestTest does not declare any static, non-private, non-final, nested classes annotated with @Configuration.
21:09:51.854 [Test worker] DEBUG org.springframework.test.context.support.ActiveProfilesUtils - Could not find an 'annotation declaring class' for annotation type [org.springframework.test.context.ActiveProfiles] and class [com.example.springtest.HttpRequestTest]
21:09:55.472 [Test worker] DEBUG org.springframework.context.annotation.ClassPathScanningCandidateComponentProvider - Identified candidate component class: file [/mnt/d/CMPE 172/lab2/spring-test/build/classes/java/main/com/example/springtest/SpringTestApplication.class]
21:09:55.517 [Test worker] INFO org.springframework.boot.test.context.SpringBootTestContextBootstrapper - Found @SpringBootConfiguration com.example.springtest.SpringTestApplication for test class com.example.springtest.HttpRequestTest
21:10:01.042 [Test worker] DEBUG org.springframework.boot.test.context.SpringBootTestContextBootstrapper - @TestExecutionListeners is not present for class [com.example.springtest.HttpRequestTest]: using defaults.
21:10:01.074 [Test worker] INFO org.springframework.boot.test.context.SpringBootTestContextBootstrapper - Loaded default TestExecutionListener class names from location [META-INF/spring.factories]: [org.springframework.boot.test.autoconfigure.restdocs.RestDocsTestExecutionListener, org.springframework.boot.test.autoconfigure.web.client.MockRestServiceServerResetTestExecutionListener, org.springframework.boot.test.autoconfigure.web.servlet.MockMvcPrintOnlyOnFailureTestExecutionListener, org.springframework.boot.test.autoconfigure.web.servlet.WebDriverTestExecutionListener, org.springframework.boot.test.autoconfigure.webservices.client.MockWebServiceServerTestExecutionListener, org.springframework.boot.test.mock.mockito.MockitoTestExecutionListener, org.springframework.boot.test.mock.mockito.ResetMocksTestExecutionListener, org.springframework.test.context.web.ServletTestExecutionListener, org.springframework.test.context.support.DirtiesContextBeforeModesTestExecutionListener, org.springframework.test.context.event.ApplicationEventsTestExecutionListener, org.springframework.test.context.support.DependencyInjectionTestExecutionListener, org.springframework.test.context.support.DirtiesContextTestExecutionListener, org.springframework.test.context.transaction.TransactionalTestExecutionListener, org.springframework.test.context.jdbc.SqlScriptsTestExecutionListener, org.springframework.test.context.event.EventPublishingTestExecutionListener]
21:10:02.430 [Test worker] DEBUG org.springframework.boot.test.context.SpringBootTestContextBootstrapper - Skipping candidate TestExecutionListener [org.springframework.test.context.transaction.TransactionalTestExecutionListener] due to a missing dependency. Specify custom listener classes or make the default listener classes and their required dependencies available. Offending class: [org.springframework.transaction.interceptor.TransactionAttributeSource]
21:10:02.444 [Test worker] DEBUG org.springframework.boot.test.context.SpringBootTestContextBootstrapper - Skipping candidate TestExecutionListener [org.springframework.test.context.jdbc.SqlScriptsTestExecutionListener] due to a missing dependency. Specify custom listener classes or make the default listener classes and their required dependencies available. Offending class: [org.springframework.transaction.interceptor.TransactionAttribute]
21:10:02.445 [Test worker] INFO org.springframework.boot.test.context.SpringBootTestContextBootstrapper - Using TestExecutionListeners: [org.springframework.test.context.web.ServletTestExecutionListener@80d857d4, org.springframework.test.context.support.DirtiesContextBeforeModesTestExecutionListener@9d90faa3, org.springframework.test.context.event.ApplicationEventsTestExecutionListener@a526dbb8, org.springframework.boot.test.mock.mockito.MockitoTestExecutionListener@a440a246, org.springframework.boot.test.autoconfigure.SpringBootDependencyInjectionTestExecutionListener@22784f88, org.springframework.test.context.support.DirtiesContextTestExecutionListener@cc0cc674, org.springframework.test.context.event.EventPublishingTestExecutionListener@b0cba52b, org.springframework.boot.test.autoconfigure.restdocs.RestDocsTestExecutionListener@3a31bfe5, org.springframework.boot.test.autoconfigure.web.client.MockRestServiceServerResetTestExecutionListener@ea56238a, org.springframework.boot.test.autoconfigure.web.servlet.MockMvcPrintOnlyOnFailureTestExecutionListener@1178df08, org.springframework.boot.test.autoconfigure.web.servlet.WebDriverTestExecutionListener@f1014057, org.springframework.boot.test.autoconfigure.webservices.client.MockWebServiceServerTestExecutionListener@88f5718a, org.springframework.boot.test.mock.mockito.ResetMocksTestExecutionListener@dc119463]
21:10:02.615 [Test worker] DEBUG org.springframework.test.context.support.AbstractDirtiesContextTestExecutionListener - Before test class: context [DefaultTestContext@9d30048e testClass = HttpRequestTest, testInstance = [null], testMethod = [null], testException = [null], mergedContextConfiguration = [WebMergedContextConfiguration@3a2ec003 testClass = HttpRequestTest, locations = '{}', classes = '{class com.example.springtest.SpringTestApplication}', contextInitializerClasses = '[]', activeProfiles = '{}', propertySourceLocations = '{}', propertySourceProperties = '{org.springframework.boot.test.context.SpringBootTestContextBootstrapper=true, server.port=0}', contextCustomizers = set[org.springframework.boot.test.autoconfigure.actuate.metrics.MetricsExportContextCustomizerFactory$DisableMetricExportContextCustomizer@47760516, org.springframework.boot.test.autoconfigure.properties.PropertyMappingContextCustomizer@0, org.springframework.boot.test.autoconfigure.web.servlet.WebDriverContextCustomizerFactory$Customizer@939cb513, org.springframework.boot.test.context.filter.ExcludeFilterContextCustomizer@7ff07f79, org.springframework.boot.test.json.DuplicateJsonObjectContextCustomizerFactory$DuplicateJsonObjectContextCustomizer@e6023ce, org.springframework.boot.test.mock.mockito.MockitoContextCustomizer@0, org.springframework.boot.test.web.client.TestRestTemplateContextCustomizer@d4005c1f, org.springframework.boot.test.context.SpringBootTestArgs@1, org.springframework.boot.test.context.SpringBootTestWebEnvironment@fb2b0168], resourceBasePath = 'src/main/webapp', contextLoader = 'org.springframework.boot.test.context.SpringBootContextLoader', parent = [null]], attributes = map['org.springframework.test.context.web.ServletTestExecutionListener.activateListener' -> false]], class annotated with @DirtiesContext [false] with mode [null].
21:10:02.988 [Test worker] DEBUG org.springframework.test.context.support.DependencyInjectionTestExecutionListener - Performing dependency injection for test context [[DefaultTestContext@9d30048e testClass = HttpRequestTest, testInstance = com.example.springtest.HttpRequestTest@71a9f07d, testMethod = [null], testException = [null], mergedContextConfiguration = [WebMergedContextConfiguration@3a2ec003 testClass = HttpRequestTest, locations = '{}', classes = '{class com.example.springtest.SpringTestApplication}', contextInitializerClasses = '[]', activeProfiles = '{}', propertySourceLocations = '{}', propertySourceProperties = '{org.springframework.boot.test.context.SpringBootTestContextBootstrapper=true, server.port=0}', contextCustomizers = set[org.springframework.boot.test.autoconfigure.actuate.metrics.MetricsExportContextCustomizerFactory$DisableMetricExportContextCustomizer@47760516, org.springframework.boot.test.autoconfigure.properties.PropertyMappingContextCustomizer@0, org.springframework.boot.test.autoconfigure.web.servlet.WebDriverContextCustomizerFactory$Customizer@939cb513, org.springframework.boot.test.context.filter.ExcludeFilterContextCustomizer@7ff07f79, org.springframework.boot.test.json.DuplicateJsonObjectContextCustomizerFactory$DuplicateJsonObjectContextCustomizer@e6023ce, org.springframework.boot.test.mock.mockito.MockitoContextCustomizer@0, org.springframework.boot.test.web.client.TestRestTemplateContextCustomizer@d4005c1f, org.springframework.boot.test.context.SpringBootTestArgs@1, org.springframework.boot.test.context.SpringBootTestWebEnvironment@fb2b0168], resourceBasePath = 'src/main/webapp', contextLoader = 'org.springframework.boot.test.context.SpringBootContextLoader', parent = [null]], attributes = map['org.springframework.test.context.web.ServletTestExecutionListener.activateListener' -> false, 'org.springframework.test.context.event.ApplicationEventsTestExecutionListener.recordApplicationEvents' -> false]]].
21:10:04.710 [Test worker] DEBUG org.springframework.test.context.support.TestPropertySourceUtils - Adding inlined properties to environment: {spring.jmx.enabled=false, org.springframework.boot.test.context.SpringBootTestContextBootstrapper=true, server.port=0}

  .   ____          _            __ _ _
 /\\ / ___'_ __ _ _(_)_ __  __ _ \ \ \ \
( ( )\___ | '_ | '_| | '_ \/ _` | \ \ \ \
 \\/  ___)| |_)| | | | | || (_| |  ) ) ) )
  '  |____| .__|_| |_|_| |_\__, | / / / /
 =========|_|==============|___/=/_/_/_/
 :: Spring Boot ::                (v2.4.2)

2021-02-12 21:10:17.846  INFO 11224 --- [    Test worker] com.example.springtest.HttpRequestTest   : Starting HttpRequestTest using Java 11.0.10 on DESKTOP-LQPVBQN with PID 11224 (started by jclee in /mnt/d/CMPE 172/lab2/spring-test)
2021-02-12 21:10:17.864  INFO 11224 --- [    Test worker] com.example.springtest.HttpRequestTest   : No active profile set, falling back to default profiles: default
2021-02-12 21:10:48.150  INFO 11224 --- [    Test worker] o.s.b.w.embedded.tomcat.TomcatWebServer  : Tomcat initialized with port(s): 0 (http)
2021-02-12 21:10:48.392  INFO 11224 --- [    Test worker] o.apache.catalina.core.StandardService   : Starting service [Tomcat]
2021-02-12 21:10:48.394  INFO 11224 --- [    Test worker] org.apache.catalina.core.StandardEngine  : Starting Servlet engine: [Apache Tomcat/9.0.41]
2021-02-12 21:10:49.596  INFO 11224 --- [    Test worker] o.a.c.c.C.[Tomcat].[localhost].[/]       : Initializing Spring embedded WebApplicationContext
2021-02-12 21:10:49.596  INFO 11224 --- [    Test worker] w.s.c.ServletWebServerApplicationContext : Root WebApplicationContext: initialization completed in 30871 ms
2021-02-12 21:10:58.505  INFO 11224 --- [    Test worker] o.s.s.concurrent.ThreadPoolTaskExecutor  : Initializing ExecutorService 'applicationTaskExecutor'
2021-02-12 21:11:09.846  INFO 11224 --- [    Test worker] o.s.b.w.embedded.tomcat.TomcatWebServer  : Tomcat started on port(s): 33921 (http) with context path ''
2021-02-12 21:11:09.981  INFO 11224 --- [    Test worker] com.example.springtest.HttpRequestTest   : Started HttpRequestTest in 65.196 seconds (JVM running for 94.433)
2021-02-12 21:11:30.787  INFO 11224 --- [o-auto-1-exec-1] o.a.c.c.C.[Tomcat].[localhost].[/]       : Initializing Spring DispatcherServlet 'dispatcherServlet'
2021-02-12 21:11:30.788  INFO 11224 --- [o-auto-1-exec-1] o.s.web.servlet.DispatcherServlet        : Initializing Servlet 'dispatcherServlet'
2021-02-12 21:11:30.790  INFO 11224 --- [o-auto-1-exec-1] o.s.web.servlet.DispatcherServlet        : Completed initialization in 2 ms
]]></system-out>
  <system-err><![CDATA[]]></system-err>
</testsuite>
