<?xml version="1.0" encoding="UTF-8"?>
<testsuite name="com.example.springtest.TestingWebApplicationTest" tests="1" skipped="0" failures="0" errors="0" timestamp="2021-02-13T05:12:25" hostname="DESKTOP-LQPVBQN" time="0.65">
  <properties/>
  <testcase name="shouldReturnDefaultMessage()" classname="com.example.springtest.TestingWebApplicationTest" time="0.65"/>
  <system-out><![CDATA[2021-02-12 21:12:00.169  INFO 11224 --- [    Test worker] .b.t.c.SpringBootTestContextBootstrapper : Neither @ContextConfiguration nor @ContextHierarchy found for test class [com.example.springtest.TestingWebApplicationTest], using SpringBootContextLoader
2021-02-12 21:12:00.225  INFO 11224 --- [    Test worker] o.s.t.c.support.AbstractContextLoader    : Could not detect default resource locations for test class [com.example.springtest.TestingWebApplicationTest]: no resource found for suffixes {-context.xml, Context.groovy}.
2021-02-12 21:12:00.226  INFO 11224 --- [    Test worker] t.c.s.AnnotationConfigContextLoaderUtils : Could not detect default configuration classes for test class [com.example.springtest.TestingWebApplicationTest]: TestingWebApplicationTest does not declare any static, non-private, non-final, nested classes annotated with @Configuration.
2021-02-12 21:12:00.604  INFO 11224 --- [    Test worker] .b.t.c.SpringBootTestContextBootstrapper : Found @SpringBootConfiguration com.example.springtest.SpringTestApplication for test class com.example.springtest.TestingWebApplicationTest
2021-02-12 21:12:00.735  INFO 11224 --- [    Test worker] .b.t.c.SpringBootTestContextBootstrapper : Loaded default TestExecutionListener class names from location [META-INF/spring.factories]: [org.springframework.boot.test.autoconfigure.restdocs.RestDocsTestExecutionListener, org.springframework.boot.test.autoconfigure.web.client.MockRestServiceServerResetTestExecutionListener, org.springframework.boot.test.autoconfigure.web.servlet.MockMvcPrintOnlyOnFailureTestExecutionListener, org.springframework.boot.test.autoconfigure.web.servlet.WebDriverTestExecutionListener, org.springframework.boot.test.autoconfigure.webservices.client.MockWebServiceServerTestExecutionListener, org.springframework.boot.test.mock.mockito.MockitoTestExecutionListener, org.springframework.boot.test.mock.mockito.ResetMocksTestExecutionListener, org.springframework.test.context.web.ServletTestExecutionListener, org.springframework.test.context.support.DirtiesContextBeforeModesTestExecutionListener, org.springframework.test.context.event.ApplicationEventsTestExecutionListener, org.springframework.test.context.support.DependencyInjectionTestExecutionListener, org.springframework.test.context.support.DirtiesContextTestExecutionListener, org.springframework.test.context.transaction.TransactionalTestExecutionListener, org.springframework.test.context.jdbc.SqlScriptsTestExecutionListener, org.springframework.test.context.event.EventPublishingTestExecutionListener]
2021-02-12 21:12:00.807  INFO 11224 --- [    Test worker] .b.t.c.SpringBootTestContextBootstrapper : Using TestExecutionListeners: [org.springframework.test.context.web.ServletTestExecutionListener@28fff9d, org.springframework.test.context.support.DirtiesContextBeforeModesTestExecutionListener@a3773ab9, org.springframework.test.context.event.ApplicationEventsTestExecutionListener@a0e0f3cf, org.springframework.boot.test.mock.mockito.MockitoTestExecutionListener@64014b02, org.springframework.boot.test.autoconfigure.SpringBootDependencyInjectionTestExecutionListener@ec5ec727, org.springframework.test.context.support.DirtiesContextTestExecutionListener@88009c82, org.springframework.test.context.event.EventPublishingTestExecutionListener@bcc31573, org.springframework.boot.test.autoconfigure.restdocs.RestDocsTestExecutionListener@13a9b0e6, org.springframework.boot.test.autoconfigure.web.client.MockRestServiceServerResetTestExecutionListener@de2affc3, org.springframework.boot.test.autoconfigure.web.servlet.MockMvcPrintOnlyOnFailureTestExecutionListener@3c3ce10e, org.springframework.boot.test.autoconfigure.web.servlet.WebDriverTestExecutionListener@42c65f71, org.springframework.boot.test.autoconfigure.webservices.client.MockWebServiceServerTestExecutionListener@f5e466f5, org.springframework.boot.test.mock.mockito.ResetMocksTestExecutionListener@295343d]

  .   ____          _            __ _ _
 /\\ / ___'_ __ _ _(_)_ __  __ _ \ \ \ \
( ( )\___ | '_ | '_| | '_ \/ _` | \ \ \ \
 \\/  ___)| |_)| | | | | || (_| |  ) ) ) )
  '  |____| .__|_| |_|_| |_\__, | / / / /
 =========|_|==============|___/=/_/_/_/
 :: Spring Boot ::                (v2.4.2)

2021-02-12 21:12:01.817  INFO 11224 --- [    Test worker] c.e.s.TestingWebApplicationTest          : Starting TestingWebApplicationTest using Java 11.0.10 on DESKTOP-LQPVBQN with PID 11224 (started by jclee in /mnt/d/CMPE 172/lab2/spring-test)
2021-02-12 21:12:01.819  INFO 11224 --- [    Test worker] c.e.s.TestingWebApplicationTest          : No active profile set, falling back to default profiles: default
2021-02-12 21:12:14.173  INFO 11224 --- [    Test worker] o.s.s.concurrent.ThreadPoolTaskExecutor  : Initializing ExecutorService 'applicationTaskExecutor'
2021-02-12 21:12:25.794  INFO 11224 --- [    Test worker] o.s.b.t.m.w.SpringBootMockServletContext : Initializing Spring TestDispatcherServlet ''
2021-02-12 21:12:25.795  INFO 11224 --- [    Test worker] o.s.t.web.servlet.TestDispatcherServlet  : Initializing Servlet ''
2021-02-12 21:12:25.797  INFO 11224 --- [    Test worker] o.s.t.web.servlet.TestDispatcherServlet  : Completed initialization in 2 ms
2021-02-12 21:12:25.866  INFO 11224 --- [    Test worker] c.e.s.TestingWebApplicationTest          : Started TestingWebApplicationTest in 25.012 seconds (JVM running for 170.318)

MockHttpServletRequest:
      HTTP Method = GET
      Request URI = /
       Parameters = {}
          Headers = []
             Body = null
    Session Attrs = {}

Handler:
             Type = com.example.springtest.HomeController
           Method = com.example.springtest.HomeController#greeting()

Async:
    Async started = false
     Async result = null

Resolved Exception:
             Type = null

ModelAndView:
        View name = null
             View = null
            Model = null

FlashMap:
       Attributes = null

MockHttpServletResponse:
           Status = 200
    Error message = null
          Headers = [Content-Type:"text/plain;charset=UTF-8", Content-Length:"12"]
     Content type = text/plain;charset=UTF-8
             Body = Hello, World
    Forwarded URL = null
   Redirected URL = null
          Cookies = []
]]></system-out>
  <system-err><![CDATA[]]></system-err>
</testsuite>
