<?xml version="1.0" encoding="UTF-8"?>
<testsuite name="com.example.springtest.SpringTestApplicationTests" tests="1" skipped="0" failures="0" errors="0" timestamp="2021-02-13T05:12:00" hostname="DESKTOP-LQPVBQN" time="0.126">
  <properties/>
  <testcase name="contextLoads()" classname="com.example.springtest.SpringTestApplicationTests" time="0.126"/>
  <system-out><![CDATA[2021-02-12 21:11:59.427  INFO 11224 --- [    Test worker] .b.t.c.SpringBootTestContextBootstrapper : Neither @ContextConfiguration nor @ContextHierarchy found for test class [com.example.springtest.SpringTestApplicationTests], using SpringBootContextLoader
2021-02-12 21:11:59.622  INFO 11224 --- [    Test worker] o.s.t.c.support.AbstractContextLoader    : Could not detect default resource locations for test class [com.example.springtest.SpringTestApplicationTests]: no resource found for suffixes {-context.xml, Context.groovy}.
2021-02-12 21:11:59.623  INFO 11224 --- [    Test worker] t.c.s.AnnotationConfigContextLoaderUtils : Could not detect default configuration classes for test class [com.example.springtest.SpringTestApplicationTests]: SpringTestApplicationTests does not declare any static, non-private, non-final, nested classes annotated with @Configuration.
2021-02-12 21:11:59.752  INFO 11224 --- [    Test worker] .b.t.c.SpringBootTestContextBootstrapper : Found @SpringBootConfiguration com.example.springtest.SpringTestApplication for test class com.example.springtest.SpringTestApplicationTests
2021-02-12 21:11:59.868  INFO 11224 --- [    Test worker] .b.t.c.SpringBootTestContextBootstrapper : Loaded default TestExecutionListener class names from location [META-INF/spring.factories]: [org.springframework.boot.test.autoconfigure.restdocs.RestDocsTestExecutionListener, org.springframework.boot.test.autoconfigure.web.client.MockRestServiceServerResetTestExecutionListener, org.springframework.boot.test.autoconfigure.web.servlet.MockMvcPrintOnlyOnFailureTestExecutionListener, org.springframework.boot.test.autoconfigure.web.servlet.WebDriverTestExecutionListener, org.springframework.boot.test.autoconfigure.webservices.client.MockWebServiceServerTestExecutionListener, org.springframework.boot.test.mock.mockito.MockitoTestExecutionListener, org.springframework.boot.test.mock.mockito.ResetMocksTestExecutionListener, org.springframework.test.context.web.ServletTestExecutionListener, org.springframework.test.context.support.DirtiesContextBeforeModesTestExecutionListener, org.springframework.test.context.event.ApplicationEventsTestExecutionListener, org.springframework.test.context.support.DependencyInjectionTestExecutionListener, org.springframework.test.context.support.DirtiesContextTestExecutionListener, org.springframework.test.context.transaction.TransactionalTestExecutionListener, org.springframework.test.context.jdbc.SqlScriptsTestExecutionListener, org.springframework.test.context.event.EventPublishingTestExecutionListener]
2021-02-12 21:11:59.913  INFO 11224 --- [    Test worker] .b.t.c.SpringBootTestContextBootstrapper : Using TestExecutionListeners: [org.springframework.test.context.web.ServletTestExecutionListener@9970611c, org.springframework.test.context.support.DirtiesContextBeforeModesTestExecutionListener@210ee221, org.springframework.test.context.event.ApplicationEventsTestExecutionListener@7c18d258, org.springframework.boot.test.mock.mockito.MockitoTestExecutionListener@e7db463b, org.springframework.boot.test.autoconfigure.SpringBootDependencyInjectionTestExecutionListener@b6cd1292, org.springframework.test.context.support.DirtiesContextTestExecutionListener@dc773d06, org.springframework.test.context.event.EventPublishingTestExecutionListener@a58cf04f, org.springframework.boot.test.autoconfigure.restdocs.RestDocsTestExecutionListener@20030be0, org.springframework.boot.test.autoconfigure.web.client.MockRestServiceServerResetTestExecutionListener@ca5543f7, org.springframework.boot.test.autoconfigure.web.servlet.MockMvcPrintOnlyOnFailureTestExecutionListener@e3568358, org.springframework.boot.test.autoconfigure.web.servlet.WebDriverTestExecutionListener@b9752160, org.springframework.boot.test.autoconfigure.webservices.client.MockWebServiceServerTestExecutionListener@8ee91ae8, org.springframework.boot.test.mock.mockito.ResetMocksTestExecutionListener@a5dcc57]
]]></system-out>
  <system-err><![CDATA[]]></system-err>
</testsuite>
