<?xml version="1.0" encoding="UTF-8"?>
<testsuite name="com.example.springtest.WebLayerTest" tests="1" skipped="0" failures="0" errors="0" timestamp="2021-02-13T05:12:43" hostname="DESKTOP-LQPVBQN" time="0.188">
  <properties/>
  <testcase name="shouldReturnDefaultMessage()" classname="com.example.springtest.WebLayerTest" time="0.188"/>
  <system-out><![CDATA[2021-02-12 21:12:26.586  INFO 11224 --- [    Test worker] .b.t.a.w.s.WebMvcTestContextBootstrapper : Neither @ContextConfiguration nor @ContextHierarchy found for test class [com.example.springtest.WebLayerTest], using SpringBootContextLoader
2021-02-12 21:12:26.626  INFO 11224 --- [    Test worker] o.s.t.c.support.AbstractContextLoader    : Could not detect default resource locations for test class [com.example.springtest.WebLayerTest]: no resource found for suffixes {-context.xml, Context.groovy}.
2021-02-12 21:12:26.627  INFO 11224 --- [    Test worker] t.c.s.AnnotationConfigContextLoaderUtils : Could not detect default configuration classes for test class [com.example.springtest.WebLayerTest]: WebLayerTest does not declare any static, non-private, non-final, nested classes annotated with @Configuration.
2021-02-12 21:12:26.777  INFO 11224 --- [    Test worker] .b.t.c.SpringBootTestContextBootstrapper : Found @SpringBootConfiguration com.example.springtest.SpringTestApplication for test class com.example.springtest.WebLayerTest
2021-02-12 21:12:26.780  INFO 11224 --- [    Test worker] .b.t.a.w.s.WebMvcTestContextBootstrapper : Loaded default TestExecutionListener class names from location [META-INF/spring.factories]: [org.springframework.boot.test.autoconfigure.restdocs.RestDocsTestExecutionListener, org.springframework.boot.test.autoconfigure.web.client.MockRestServiceServerResetTestExecutionListener, org.springframework.boot.test.autoconfigure.web.servlet.MockMvcPrintOnlyOnFailureTestExecutionListener, org.springframework.boot.test.autoconfigure.web.servlet.WebDriverTestExecutionListener, org.springframework.boot.test.autoconfigure.webservices.client.MockWebServiceServerTestExecutionListener, org.springframework.boot.test.mock.mockito.MockitoTestExecutionListener, org.springframework.boot.test.mock.mockito.ResetMocksTestExecutionListener, org.springframework.test.context.web.ServletTestExecutionListener, org.springframework.test.context.support.DirtiesContextBeforeModesTestExecutionListener, org.springframework.test.context.event.ApplicationEventsTestExecutionListener, org.springframework.test.context.support.DependencyInjectionTestExecutionListener, org.springframework.test.context.support.DirtiesContextTestExecutionListener, org.springframework.test.context.transaction.TransactionalTestExecutionListener, org.springframework.test.context.jdbc.SqlScriptsTestExecutionListener, org.springframework.test.context.event.EventPublishingTestExecutionListener]
2021-02-12 21:12:26.803  INFO 11224 --- [    Test worker] .b.t.a.w.s.WebMvcTestContextBootstrapper : Using TestExecutionListeners: [org.springframework.test.context.web.ServletTestExecutionListener@bcd434ba, org.springframework.test.context.support.DirtiesContextBeforeModesTestExecutionListener@9d2a9898, org.springframework.test.context.event.ApplicationEventsTestExecutionListener@92d265b6, org.springframework.boot.test.mock.mockito.MockitoTestExecutionListener@5b83a43f, org.springframework.boot.test.autoconfigure.SpringBootDependencyInjectionTestExecutionListener@53589e75, org.springframework.test.context.support.DirtiesContextTestExecutionListener@e53974aa, org.springframework.test.context.event.EventPublishingTestExecutionListener@42e3a758, org.springframework.boot.test.autoconfigure.restdocs.RestDocsTestExecutionListener@addcf43a, org.springframework.boot.test.autoconfigure.web.client.MockRestServiceServerResetTestExecutionListener@97d6fb81, org.springframework.boot.test.autoconfigure.web.servlet.MockMvcPrintOnlyOnFailureTestExecutionListener@504a61cb, org.springframework.boot.test.autoconfigure.web.servlet.WebDriverTestExecutionListener@3d70f9a1, org.springframework.boot.test.autoconfigure.webservices.client.MockWebServiceServerTestExecutionListener@f1908a00, org.springframework.boot.test.mock.mockito.ResetMocksTestExecutionListener@e28873a7]

  .   ____          _            __ _ _
 /\\ / ___'_ __ _ _(_)_ __  __ _ \ \ \ \
( ( )\___ | '_ | '_| | '_ \/ _` | \ \ \ \
 \\/  ___)| |_)| | | | | || (_| |  ) ) ) )
  '  |____| .__|_| |_|_| |_\__, | / / / /
 =========|_|==============|___/=/_/_/_/
 :: Spring Boot ::                (v2.4.2)

2021-02-12 21:12:27.494  INFO 11224 --- [    Test worker] com.example.springtest.WebLayerTest      : Starting WebLayerTest using Java 11.0.10 on DESKTOP-LQPVBQN with PID 11224 (started by jclee in /mnt/d/CMPE 172/lab2/spring-test)
2021-02-12 21:12:27.496  INFO 11224 --- [    Test worker] com.example.springtest.WebLayerTest      : No active profile set, falling back to default profiles: default
2021-02-12 21:12:34.919  INFO 11224 --- [    Test worker] o.s.s.concurrent.ThreadPoolTaskExecutor  : Initializing ExecutorService 'applicationTaskExecutor'
2021-02-12 21:12:42.900  INFO 11224 --- [    Test worker] o.s.b.t.m.w.SpringBootMockServletContext : Initializing Spring TestDispatcherServlet ''
2021-02-12 21:12:42.901  INFO 11224 --- [    Test worker] o.s.t.web.servlet.TestDispatcherServlet  : Initializing Servlet ''
2021-02-12 21:12:42.902  INFO 11224 --- [    Test worker] o.s.t.web.servlet.TestDispatcherServlet  : Completed initialization in 1 ms
2021-02-12 21:12:43.318  INFO 11224 --- [    Test worker] com.example.springtest.WebLayerTest      : Started WebLayerTest in 16.476 seconds (JVM running for 187.77)

MockHttpServletRequest:
      HTTP Method = GET
      Request URI = /
       Parameters = {}
          Headers = []
             Body = null
    Session Attrs = {}

Handler:
             Type = com.example.springtest.HomeController
           Method = com.example.springtest.HomeController#greeting()

Async:
    Async started = false
     Async result = null

Resolved Exception:
             Type = null

ModelAndView:
        View name = null
             View = null
            Model = null

FlashMap:
       Attributes = null

MockHttpServletResponse:
           Status = 200
    Error message = null
          Headers = [Content-Type:"text/plain;charset=UTF-8", Content-Length:"12"]
     Content type = text/plain;charset=UTF-8
             Body = Hello, World
    Forwarded URL = null
   Redirected URL = null
          Cookies = []
]]></system-out>
  <system-err><![CDATA[]]></system-err>
</testsuite>
