<?xml version="1.0" encoding="UTF-8"?>
<testsuite name="com.example.demodocker.DemoDockerApplicationTests" tests="1" skipped="0" failures="0" errors="0" timestamp="2021-02-06T20:58:30" hostname="DESKTOP-LQPVBQN" time="1.375">
  <properties/>
  <testcase name="contextLoads()" classname="com.example.demodocker.DemoDockerApplicationTests" time="1.375"/>
  <system-out><![CDATA[12:58:23.702 [Test worker] DEBUG org.springframework.test.context.BootstrapUtils - Instantiating CacheAwareContextLoaderDelegate from class [org.springframework.test.context.cache.DefaultCacheAwareContextLoaderDelegate]
12:58:23.768 [Test worker] DEBUG org.springframework.test.context.BootstrapUtils - Instantiating BootstrapContext using constructor [public org.springframework.test.context.support.DefaultBootstrapContext(java.lang.Class,org.springframework.test.context.CacheAwareContextLoaderDelegate)]
12:58:23.895 [Test worker] DEBUG org.springframework.test.context.BootstrapUtils - Instantiating TestContextBootstrapper for test class [com.example.demodocker.DemoDockerApplicationTests] from class [org.springframework.boot.test.context.SpringBootTestContextBootstrapper]
12:58:23.951 [Test worker] INFO org.springframework.boot.test.context.SpringBootTestContextBootstrapper - Neither @ContextConfiguration nor @ContextHierarchy found for test class [com.example.demodocker.DemoDockerApplicationTests], using SpringBootContextLoader
12:58:23.968 [Test worker] DEBUG org.springframework.test.context.support.AbstractContextLoader - Did not detect default resource location for test class [com.example.demodocker.DemoDockerApplicationTests]: class path resource [com/example/demodocker/DemoDockerApplicationTests-context.xml] does not exist
12:58:23.969 [Test worker] DEBUG org.springframework.test.context.support.AbstractContextLoader - Did not detect default resource location for test class [com.example.demodocker.DemoDockerApplicationTests]: class path resource [com/example/demodocker/DemoDockerApplicationTestsContext.groovy] does not exist
12:58:23.970 [Test worker] INFO org.springframework.test.context.support.AbstractContextLoader - Could not detect default resource locations for test class [com.example.demodocker.DemoDockerApplicationTests]: no resource found for suffixes {-context.xml, Context.groovy}.
12:58:23.975 [Test worker] INFO org.springframework.test.context.support.AnnotationConfigContextLoaderUtils - Could not detect default configuration classes for test class [com.example.demodocker.DemoDockerApplicationTests]: DemoDockerApplicationTests does not declare any static, non-private, non-final, nested classes annotated with @Configuration.
12:58:24.135 [Test worker] DEBUG org.springframework.test.context.support.ActiveProfilesUtils - Could not find an 'annotation declaring class' for annotation type [org.springframework.test.context.ActiveProfiles] and class [com.example.demodocker.DemoDockerApplicationTests]
12:58:24.328 [Test worker] DEBUG org.springframework.context.annotation.ClassPathScanningCandidateComponentProvider - Identified candidate component class: file [/mnt/d/CMPE 172/172 Lab/demo-docker/build/classes/java/main/com/example/demodocker/DemoDockerApplication.class]
12:58:24.331 [Test worker] INFO org.springframework.boot.test.context.SpringBootTestContextBootstrapper - Found @SpringBootConfiguration com.example.demodocker.DemoDockerApplication for test class com.example.demodocker.DemoDockerApplicationTests
12:58:24.705 [Test worker] DEBUG org.springframework.boot.test.context.SpringBootTestContextBootstrapper - @TestExecutionListeners is not present for class [com.example.demodocker.DemoDockerApplicationTests]: using defaults.
12:58:24.708 [Test worker] INFO org.springframework.boot.test.context.SpringBootTestContextBootstrapper - Loaded default TestExecutionListener class names from location [META-INF/spring.factories]: [org.springframework.boot.test.autoconfigure.restdocs.RestDocsTestExecutionListener, org.springframework.boot.test.autoconfigure.web.client.MockRestServiceServerResetTestExecutionListener, org.springframework.boot.test.autoconfigure.web.servlet.MockMvcPrintOnlyOnFailureTestExecutionListener, org.springframework.boot.test.autoconfigure.web.servlet.WebDriverTestExecutionListener, org.springframework.boot.test.autoconfigure.webservices.client.MockWebServiceServerTestExecutionListener, org.springframework.boot.test.mock.mockito.MockitoTestExecutionListener, org.springframework.boot.test.mock.mockito.ResetMocksTestExecutionListener, org.springframework.test.context.web.ServletTestExecutionListener, org.springframework.test.context.support.DirtiesContextBeforeModesTestExecutionListener, org.springframework.test.context.event.ApplicationEventsTestExecutionListener, org.springframework.test.context.support.DependencyInjectionTestExecutionListener, org.springframework.test.context.support.DirtiesContextTestExecutionListener, org.springframework.test.context.transaction.TransactionalTestExecutionListener, org.springframework.test.context.jdbc.SqlScriptsTestExecutionListener, org.springframework.test.context.event.EventPublishingTestExecutionListener]
12:58:24.774 [Test worker] DEBUG org.springframework.boot.test.context.SpringBootTestContextBootstrapper - Skipping candidate TestExecutionListener [org.springframework.test.context.transaction.TransactionalTestExecutionListener] due to a missing dependency. Specify custom listener classes or make the default listener classes and their required dependencies available. Offending class: [org.springframework.transaction.interceptor.TransactionAttributeSource]
12:58:24.777 [Test worker] DEBUG org.springframework.boot.test.context.SpringBootTestContextBootstrapper - Skipping candidate TestExecutionListener [org.springframework.test.context.jdbc.SqlScriptsTestExecutionListener] due to a missing dependency. Specify custom listener classes or make the default listener classes and their required dependencies available. Offending class: [org.springframework.transaction.interceptor.TransactionAttribute]
12:58:24.778 [Test worker] INFO org.springframework.boot.test.context.SpringBootTestContextBootstrapper - Using TestExecutionListeners: [org.springframework.test.context.web.ServletTestExecutionListener@bc5a78ec, org.springframework.test.context.support.DirtiesContextBeforeModesTestExecutionListener@f92ecc91, org.springframework.test.context.event.ApplicationEventsTestExecutionListener@752590d3, org.springframework.boot.test.mock.mockito.MockitoTestExecutionListener@42274efe, org.springframework.boot.test.autoconfigure.SpringBootDependencyInjectionTestExecutionListener@7a4e3aab, org.springframework.test.context.support.DirtiesContextTestExecutionListener@36644951, org.springframework.test.context.event.EventPublishingTestExecutionListener@dcd4f965, org.springframework.boot.test.autoconfigure.restdocs.RestDocsTestExecutionListener@b7715137, org.springframework.boot.test.autoconfigure.web.client.MockRestServiceServerResetTestExecutionListener@1f0168be, org.springframework.boot.test.autoconfigure.web.servlet.MockMvcPrintOnlyOnFailureTestExecutionListener@3c5eb681, org.springframework.boot.test.autoconfigure.web.servlet.WebDriverTestExecutionListener@88110fbd, org.springframework.boot.test.autoconfigure.webservices.client.MockWebServiceServerTestExecutionListener@deaf42d9, org.springframework.boot.test.mock.mockito.ResetMocksTestExecutionListener@1d2c5408]
12:58:24.793 [Test worker] DEBUG org.springframework.test.context.support.AbstractDirtiesContextTestExecutionListener - Before test class: context [DefaultTestContext@f156b426 testClass = DemoDockerApplicationTests, testInstance = [null], testMethod = [null], testException = [null], mergedContextConfiguration = [WebMergedContextConfiguration@4a65c2c testClass = DemoDockerApplicationTests, locations = '{}', classes = '{class com.example.demodocker.DemoDockerApplication}', contextInitializerClasses = '[]', activeProfiles = '{}', propertySourceLocations = '{}', propertySourceProperties = '{org.springframework.boot.test.context.SpringBootTestContextBootstrapper=true}', contextCustomizers = set[org.springframework.boot.test.autoconfigure.actuate.metrics.MetricsExportContextCustomizerFactory$DisableMetricExportContextCustomizer@9d707451, org.springframework.boot.test.autoconfigure.properties.PropertyMappingContextCustomizer@0, org.springframework.boot.test.autoconfigure.web.servlet.WebDriverContextCustomizerFactory$Customizer@ec05eb52, org.springframework.boot.test.context.filter.ExcludeFilterContextCustomizer@d7228ec7, org.springframework.boot.test.json.DuplicateJsonObjectContextCustomizerFactory$DuplicateJsonObjectContextCustomizer@2d7ed36f, org.springframework.boot.test.mock.mockito.MockitoContextCustomizer@0, org.springframework.boot.test.web.client.TestRestTemplateContextCustomizer@a46e82b8, org.springframework.boot.test.context.SpringBootTestArgs@1, org.springframework.boot.test.context.SpringBootTestWebEnvironment@846b4ab5], resourceBasePath = 'src/main/webapp', contextLoader = 'org.springframework.boot.test.context.SpringBootContextLoader', parent = [null]], attributes = map['org.springframework.test.context.web.ServletTestExecutionListener.activateListener' -> true]], class annotated with @DirtiesContext [false] with mode [null].
12:58:24.906 [Test worker] DEBUG org.springframework.test.context.support.TestPropertySourceUtils - Adding inlined properties to environment: {spring.jmx.enabled=false, org.springframework.boot.test.context.SpringBootTestContextBootstrapper=true}

  .   ____          _            __ _ _
 /\\ / ___'_ __ _ _(_)_ __  __ _ \ \ \ \
( ( )\___ | '_ | '_| | '_ \/ _` | \ \ \ \
 \\/  ___)| |_)| | | | | || (_| |  ) ) ) )
  '  |____| .__|_| |_|_| |_\__, | / / / /
 =========|_|==============|___/=/_/_/_/
 :: Spring Boot ::                (v2.4.2)

2021-02-06 12:58:25.815  INFO 156 --- [    Test worker] c.e.d.DemoDockerApplicationTests         : Starting DemoDockerApplicationTests using Java 11.0.10 on DESKTOP-LQPVBQN with PID 156 (started by root in /mnt/d/CMPE 172/172 Lab/demo-docker)
2021-02-06 12:58:25.823  INFO 156 --- [    Test worker] c.e.d.DemoDockerApplicationTests         : No active profile set, falling back to default profiles: default
2021-02-06 12:58:29.453  INFO 156 --- [    Test worker] o.s.s.concurrent.ThreadPoolTaskExecutor  : Initializing ExecutorService 'applicationTaskExecutor'
2021-02-06 12:58:30.447  INFO 156 --- [    Test worker] c.e.d.DemoDockerApplicationTests         : Started DemoDockerApplicationTests in 5.516 seconds (JVM running for 9.073)
]]></system-out>
  <system-err><![CDATA[]]></system-err>
</testsuite>
