<?xml version="1.0" encoding="UTF-8"?>
<testsuite name="com.example.demovscode.DemoVscodeApplicationTests" tests="1" skipped="0" failures="0" errors="0" timestamp="2021-02-06T17:00:30" hostname="DESKTOP-LQPVBQN" time="0.816">
  <properties/>
  <testcase name="contextLoads()" classname="com.example.demovscode.DemoVscodeApplicationTests" time="0.816"/>
  <system-out><![CDATA[09:00:25.024 [Test worker] DEBUG org.springframework.test.context.BootstrapUtils - Instantiating CacheAwareContextLoaderDelegate from class [org.springframework.test.context.cache.DefaultCacheAwareContextLoaderDelegate]
09:00:25.064 [Test worker] DEBUG org.springframework.test.context.BootstrapUtils - Instantiating BootstrapContext using constructor [public org.springframework.test.context.support.DefaultBootstrapContext(java.lang.Class,org.springframework.test.context.CacheAwareContextLoaderDelegate)]
09:00:25.149 [Test worker] DEBUG org.springframework.test.context.BootstrapUtils - Instantiating TestContextBootstrapper for test class [com.example.demovscode.DemoVscodeApplicationTests] from class [org.springframework.boot.test.context.SpringBootTestContextBootstrapper]
09:00:25.178 [Test worker] INFO org.springframework.boot.test.context.SpringBootTestContextBootstrapper - Neither @ContextConfiguration nor @ContextHierarchy found for test class [com.example.demovscode.DemoVscodeApplicationTests], using SpringBootContextLoader
09:00:25.194 [Test worker] DEBUG org.springframework.test.context.support.AbstractContextLoader - Did not detect default resource location for test class [com.example.demovscode.DemoVscodeApplicationTests]: class path resource [com/example/demovscode/DemoVscodeApplicationTests-context.xml] does not exist
09:00:25.200 [Test worker] DEBUG org.springframework.test.context.support.AbstractContextLoader - Did not detect default resource location for test class [com.example.demovscode.DemoVscodeApplicationTests]: class path resource [com/example/demovscode/DemoVscodeApplicationTestsContext.groovy] does not exist
09:00:25.202 [Test worker] INFO org.springframework.test.context.support.AbstractContextLoader - Could not detect default resource locations for test class [com.example.demovscode.DemoVscodeApplicationTests]: no resource found for suffixes {-context.xml, Context.groovy}.
09:00:25.205 [Test worker] INFO org.springframework.test.context.support.AnnotationConfigContextLoaderUtils - Could not detect default configuration classes for test class [com.example.demovscode.DemoVscodeApplicationTests]: DemoVscodeApplicationTests does not declare any static, non-private, non-final, nested classes annotated with @Configuration.
09:00:25.312 [Test worker] DEBUG org.springframework.test.context.support.ActiveProfilesUtils - Could not find an 'annotation declaring class' for annotation type [org.springframework.test.context.ActiveProfiles] and class [com.example.demovscode.DemoVscodeApplicationTests]
09:00:25.471 [Test worker] DEBUG org.springframework.context.annotation.ClassPathScanningCandidateComponentProvider - Identified candidate component class: file [/mnt/d/Cmpe 172/172 Lab/Lab1 VS code/demo-vscode/build/classes/java/main/com/example/demovscode/DemoVscodeApplication.class]
09:00:25.473 [Test worker] INFO org.springframework.boot.test.context.SpringBootTestContextBootstrapper - Found @SpringBootConfiguration com.example.demovscode.DemoVscodeApplication for test class com.example.demovscode.DemoVscodeApplicationTests
09:00:25.740 [Test worker] DEBUG org.springframework.boot.test.context.SpringBootTestContextBootstrapper - @TestExecutionListeners is not present for class [com.example.demovscode.DemoVscodeApplicationTests]: using defaults.
09:00:25.742 [Test worker] INFO org.springframework.boot.test.context.SpringBootTestContextBootstrapper - Loaded default TestExecutionListener class names from location [META-INF/spring.factories]: [org.springframework.boot.test.autoconfigure.restdocs.RestDocsTestExecutionListener, org.springframework.boot.test.autoconfigure.web.client.MockRestServiceServerResetTestExecutionListener, org.springframework.boot.test.autoconfigure.web.servlet.MockMvcPrintOnlyOnFailureTestExecutionListener, org.springframework.boot.test.autoconfigure.web.servlet.WebDriverTestExecutionListener, org.springframework.boot.test.autoconfigure.webservices.client.MockWebServiceServerTestExecutionListener, org.springframework.boot.test.mock.mockito.MockitoTestExecutionListener, org.springframework.boot.test.mock.mockito.ResetMocksTestExecutionListener, org.springframework.test.context.web.ServletTestExecutionListener, org.springframework.test.context.support.DirtiesContextBeforeModesTestExecutionListener, org.springframework.test.context.event.ApplicationEventsTestExecutionListener, org.springframework.test.context.support.DependencyInjectionTestExecutionListener, org.springframework.test.context.support.DirtiesContextTestExecutionListener, org.springframework.test.context.transaction.TransactionalTestExecutionListener, org.springframework.test.context.jdbc.SqlScriptsTestExecutionListener, org.springframework.test.context.event.EventPublishingTestExecutionListener]
09:00:25.773 [Test worker] DEBUG org.springframework.boot.test.context.SpringBootTestContextBootstrapper - Skipping candidate TestExecutionListener [org.springframework.test.context.transaction.TransactionalTestExecutionListener] due to a missing dependency. Specify custom listener classes or make the default listener classes and their required dependencies available. Offending class: [org.springframework.transaction.interceptor.TransactionAttributeSource]
09:00:25.775 [Test worker] DEBUG org.springframework.boot.test.context.SpringBootTestContextBootstrapper - Skipping candidate TestExecutionListener [org.springframework.test.context.jdbc.SqlScriptsTestExecutionListener] due to a missing dependency. Specify custom listener classes or make the default listener classes and their required dependencies available. Offending class: [org.springframework.transaction.interceptor.TransactionAttribute]
09:00:25.775 [Test worker] INFO org.springframework.boot.test.context.SpringBootTestContextBootstrapper - Using TestExecutionListeners: [org.springframework.test.context.web.ServletTestExecutionListener@d026dc48, org.springframework.test.context.support.DirtiesContextBeforeModesTestExecutionListener@b585aac6, org.springframework.test.context.event.ApplicationEventsTestExecutionListener@c3aa345, org.springframework.boot.test.mock.mockito.MockitoTestExecutionListener@adda87d9, org.springframework.boot.test.autoconfigure.SpringBootDependencyInjectionTestExecutionListener@cccf2f59, org.springframework.test.context.support.DirtiesContextTestExecutionListener@60a369e1, org.springframework.test.context.event.EventPublishingTestExecutionListener@15fae522, org.springframework.boot.test.autoconfigure.restdocs.RestDocsTestExecutionListener@5c56094c, org.springframework.boot.test.autoconfigure.web.client.MockRestServiceServerResetTestExecutionListener@5d9c173b, org.springframework.boot.test.autoconfigure.web.servlet.MockMvcPrintOnlyOnFailureTestExecutionListener@a265e39a, org.springframework.boot.test.autoconfigure.web.servlet.WebDriverTestExecutionListener@14351118, org.springframework.boot.test.autoconfigure.webservices.client.MockWebServiceServerTestExecutionListener@72175dcf, org.springframework.boot.test.mock.mockito.ResetMocksTestExecutionListener@7ca98547]
09:00:25.787 [Test worker] DEBUG org.springframework.test.context.support.AbstractDirtiesContextTestExecutionListener - Before test class: context [DefaultTestContext@3b78d90d testClass = DemoVscodeApplicationTests, testInstance = [null], testMethod = [null], testException = [null], mergedContextConfiguration = [WebMergedContextConfiguration@e41b2cec testClass = DemoVscodeApplicationTests, locations = '{}', classes = '{class com.example.demovscode.DemoVscodeApplication}', contextInitializerClasses = '[]', activeProfiles = '{}', propertySourceLocations = '{}', propertySourceProperties = '{org.springframework.boot.test.context.SpringBootTestContextBootstrapper=true}', contextCustomizers = set[org.springframework.boot.test.autoconfigure.actuate.metrics.MetricsExportContextCustomizerFactory$DisableMetricExportContextCustomizer@ef06628e, org.springframework.boot.test.autoconfigure.properties.PropertyMappingContextCustomizer@0, org.springframework.boot.test.autoconfigure.web.servlet.WebDriverContextCustomizerFactory$Customizer@1e2af3b9, org.springframework.boot.test.context.filter.ExcludeFilterContextCustomizer@668d76eb, org.springframework.boot.test.json.DuplicateJsonObjectContextCustomizerFactory$DuplicateJsonObjectContextCustomizer@3915f287, org.springframework.boot.test.mock.mockito.MockitoContextCustomizer@0, org.springframework.boot.test.web.client.TestRestTemplateContextCustomizer@5dc283a9, org.springframework.boot.test.context.SpringBootTestArgs@1, org.springframework.boot.test.context.SpringBootTestWebEnvironment@c45d67ae], resourceBasePath = 'src/main/webapp', contextLoader = 'org.springframework.boot.test.context.SpringBootContextLoader', parent = [null]], attributes = map['org.springframework.test.context.web.ServletTestExecutionListener.activateListener' -> true]], class annotated with @DirtiesContext [false] with mode [null].
09:00:25.860 [Test worker] DEBUG org.springframework.test.context.support.TestPropertySourceUtils - Adding inlined properties to environment: {spring.jmx.enabled=false, org.springframework.boot.test.context.SpringBootTestContextBootstrapper=true}

  .   ____          _            __ _ _
 /\\ / ___'_ __ _ _(_)_ __  __ _ \ \ \ \
( ( )\___ | '_ | '_| | '_ \/ _` | \ \ \ \
 \\/  ___)| |_)| | | | | || (_| |  ) ) ) )
  '  |____| .__|_| |_|_| |_\__, | / / / /
 =========|_|==============|___/=/_/_/_/
 :: Spring Boot ::                (v2.4.2)

2021-02-06 09:00:26.506  INFO 2762 --- [    Test worker] c.e.d.DemoVscodeApplicationTests         : Starting DemoVscodeApplicationTests using Java 11.0.10 on DESKTOP-LQPVBQN with PID 2762 (started by root in /mnt/d/Cmpe 172/172 Lab/Lab1 VS code/demo-vscode)
2021-02-06 09:00:26.513  INFO 2762 --- [    Test worker] c.e.d.DemoVscodeApplicationTests         : No active profile set, falling back to default profiles: default
2021-02-06 09:00:29.327  INFO 2762 --- [    Test worker] o.s.s.concurrent.ThreadPoolTaskExecutor  : Initializing ExecutorService 'applicationTaskExecutor'
2021-02-06 09:00:30.102  INFO 2762 --- [    Test worker] c.e.d.DemoVscodeApplicationTests         : Started DemoVscodeApplicationTests in 4.224 seconds (JVM running for 6.818)
]]></system-out>
  <system-err><![CDATA[]]></system-err>
</testsuite>
