<?xml version="1.0" encoding="UTF-8"?>
<testsuite name="com.example.springsecurity.SpringSecurityApplicationTests" tests="1" skipped="0" failures="0" errors="0" timestamp="2021-02-27T03:13:13" hostname="DESKTOP-LQPVBQN" time="6.509">
  <properties/>
  <testcase name="contextLoads()" classname="com.example.springsecurity.SpringSecurityApplicationTests" time="6.509"/>
  <system-out><![CDATA[19:12:23.788 [Test worker] DEBUG org.springframework.test.context.BootstrapUtils - Instantiating CacheAwareContextLoaderDelegate from class [org.springframework.test.context.cache.DefaultCacheAwareContextLoaderDelegate]
19:12:24.097 [Test worker] DEBUG org.springframework.test.context.BootstrapUtils - Instantiating BootstrapContext using constructor [public org.springframework.test.context.support.DefaultBootstrapContext(java.lang.Class,org.springframework.test.context.CacheAwareContextLoaderDelegate)]
19:12:24.590 [Test worker] DEBUG org.springframework.test.context.BootstrapUtils - Instantiating TestContextBootstrapper for test class [com.example.springsecurity.SpringSecurityApplicationTests] from class [org.springframework.boot.test.context.SpringBootTestContextBootstrapper]
19:12:24.845 [Test worker] INFO org.springframework.boot.test.context.SpringBootTestContextBootstrapper - Neither @ContextConfiguration nor @ContextHierarchy found for test class [com.example.springsecurity.SpringSecurityApplicationTests], using SpringBootContextLoader
19:12:24.938 [Test worker] DEBUG org.springframework.test.context.support.AbstractContextLoader - Did not detect default resource location for test class [com.example.springsecurity.SpringSecurityApplicationTests]: class path resource [com/example/springsecurity/SpringSecurityApplicationTests-context.xml] does not exist
19:12:24.950 [Test worker] DEBUG org.springframework.test.context.support.AbstractContextLoader - Did not detect default resource location for test class [com.example.springsecurity.SpringSecurityApplicationTests]: class path resource [com/example/springsecurity/SpringSecurityApplicationTestsContext.groovy] does not exist
19:12:24.950 [Test worker] INFO org.springframework.test.context.support.AbstractContextLoader - Could not detect default resource locations for test class [com.example.springsecurity.SpringSecurityApplicationTests]: no resource found for suffixes {-context.xml, Context.groovy}.
19:12:24.963 [Test worker] INFO org.springframework.test.context.support.AnnotationConfigContextLoaderUtils - Could not detect default configuration classes for test class [com.example.springsecurity.SpringSecurityApplicationTests]: SpringSecurityApplicationTests does not declare any static, non-private, non-final, nested classes annotated with @Configuration.
19:12:25.631 [Test worker] DEBUG org.springframework.test.context.support.ActiveProfilesUtils - Could not find an 'annotation declaring class' for annotation type [org.springframework.test.context.ActiveProfiles] and class [com.example.springsecurity.SpringSecurityApplicationTests]
19:12:26.633 [Test worker] DEBUG org.springframework.context.annotation.ClassPathScanningCandidateComponentProvider - Identified candidate component class: file [/mnt/d/CMPE 172/lab4/spring-security/build/classes/java/main/com/example/springsecurity/SpringSecurityApplication.class]
19:12:26.774 [Test worker] INFO org.springframework.boot.test.context.SpringBootTestContextBootstrapper - Found @SpringBootConfiguration com.example.springsecurity.SpringSecurityApplication for test class com.example.springsecurity.SpringSecurityApplicationTests
19:12:29.102 [Test worker] DEBUG org.springframework.boot.test.context.SpringBootTestContextBootstrapper - @TestExecutionListeners is not present for class [com.example.springsecurity.SpringSecurityApplicationTests]: using defaults.
19:12:29.116 [Test worker] INFO org.springframework.boot.test.context.SpringBootTestContextBootstrapper - Loaded default TestExecutionListener class names from location [META-INF/spring.factories]: [org.springframework.security.test.context.support.WithSecurityContextTestExecutionListener, org.springframework.security.test.context.support.ReactorContextTestExecutionListener, org.springframework.boot.test.autoconfigure.restdocs.RestDocsTestExecutionListener, org.springframework.boot.test.autoconfigure.web.client.MockRestServiceServerResetTestExecutionListener, org.springframework.boot.test.autoconfigure.web.servlet.MockMvcPrintOnlyOnFailureTestExecutionListener, org.springframework.boot.test.autoconfigure.web.servlet.WebDriverTestExecutionListener, org.springframework.boot.test.autoconfigure.webservices.client.MockWebServiceServerTestExecutionListener, org.springframework.boot.test.mock.mockito.MockitoTestExecutionListener, org.springframework.boot.test.mock.mockito.ResetMocksTestExecutionListener, org.springframework.test.context.web.ServletTestExecutionListener, org.springframework.test.context.support.DirtiesContextBeforeModesTestExecutionListener, org.springframework.test.context.event.ApplicationEventsTestExecutionListener, org.springframework.test.context.support.DependencyInjectionTestExecutionListener, org.springframework.test.context.support.DirtiesContextTestExecutionListener, org.springframework.test.context.transaction.TransactionalTestExecutionListener, org.springframework.test.context.jdbc.SqlScriptsTestExecutionListener, org.springframework.test.context.event.EventPublishingTestExecutionListener]
19:12:29.489 [Test worker] DEBUG org.springframework.boot.test.context.SpringBootTestContextBootstrapper - Skipping candidate TestExecutionListener [org.springframework.test.context.transaction.TransactionalTestExecutionListener] due to a missing dependency. Specify custom listener classes or make the default listener classes and their required dependencies available. Offending class: [org.springframework.transaction.interceptor.TransactionAttributeSource]
19:12:29.498 [Test worker] DEBUG org.springframework.boot.test.context.SpringBootTestContextBootstrapper - Skipping candidate TestExecutionListener [org.springframework.test.context.jdbc.SqlScriptsTestExecutionListener] due to a missing dependency. Specify custom listener classes or make the default listener classes and their required dependencies available. Offending class: [org.springframework.transaction.interceptor.TransactionAttribute]
19:12:29.498 [Test worker] INFO org.springframework.boot.test.context.SpringBootTestContextBootstrapper - Using TestExecutionListeners: [org.springframework.test.context.web.ServletTestExecutionListener@69df9487, org.springframework.test.context.support.DirtiesContextBeforeModesTestExecutionListener@841a1c4a, org.springframework.test.context.event.ApplicationEventsTestExecutionListener@c5f7bc5c, org.springframework.boot.test.mock.mockito.MockitoTestExecutionListener@732e44fe, org.springframework.boot.test.autoconfigure.SpringBootDependencyInjectionTestExecutionListener@51d27b28, org.springframework.test.context.support.DirtiesContextTestExecutionListener@f144ed8c, org.springframework.security.test.context.support.WithSecurityContextTestExecutionListener@b1d4d288, org.springframework.test.context.event.EventPublishingTestExecutionListener@6295946f, org.springframework.security.test.context.support.ReactorContextTestExecutionListener@d2429c68, org.springframework.boot.test.autoconfigure.restdocs.RestDocsTestExecutionListener@40914b3d, org.springframework.boot.test.autoconfigure.web.client.MockRestServiceServerResetTestExecutionListener@59fcf638, org.springframework.boot.test.autoconfigure.web.servlet.MockMvcPrintOnlyOnFailureTestExecutionListener@25b1eb3, org.springframework.boot.test.autoconfigure.web.servlet.WebDriverTestExecutionListener@b023681, org.springframework.boot.test.autoconfigure.webservices.client.MockWebServiceServerTestExecutionListener@6e81f7a2, org.springframework.boot.test.mock.mockito.ResetMocksTestExecutionListener@cd5516b8]
19:12:29.569 [Test worker] DEBUG org.springframework.test.context.support.AbstractDirtiesContextTestExecutionListener - Before test class: context [DefaultTestContext@3cb529fa testClass = SpringSecurityApplicationTests, testInstance = [null], testMethod = [null], testException = [null], mergedContextConfiguration = [WebMergedContextConfiguration@d4bfe1eb testClass = SpringSecurityApplicationTests, locations = '{}', classes = '{class com.example.springsecurity.SpringSecurityApplication}', contextInitializerClasses = '[]', activeProfiles = '{}', propertySourceLocations = '{}', propertySourceProperties = '{org.springframework.boot.test.context.SpringBootTestContextBootstrapper=true}', contextCustomizers = set[org.springframework.boot.test.autoconfigure.actuate.metrics.MetricsExportContextCustomizerFactory$DisableMetricExportContextCustomizer@a8bc9813, org.springframework.boot.test.autoconfigure.properties.PropertyMappingContextCustomizer@0, org.springframework.boot.test.autoconfigure.web.servlet.WebDriverContextCustomizerFactory$Customizer@5c3d9c74, org.springframework.boot.test.context.filter.ExcludeFilterContextCustomizer@f5e0d4f8, org.springframework.boot.test.json.DuplicateJsonObjectContextCustomizerFactory$DuplicateJsonObjectContextCustomizer@a575ba24, org.springframework.boot.test.mock.mockito.MockitoContextCustomizer@0, org.springframework.boot.test.web.client.TestRestTemplateContextCustomizer@6591c51a, org.springframework.boot.test.context.SpringBootTestArgs@1, org.springframework.boot.test.context.SpringBootTestWebEnvironment@ff7f370b], resourceBasePath = 'src/main/webapp', contextLoader = 'org.springframework.boot.test.context.SpringBootContextLoader', parent = [null]], attributes = map['org.springframework.test.context.web.ServletTestExecutionListener.activateListener' -> true]], class annotated with @DirtiesContext [false] with mode [null].
19:12:30.263 [Test worker] DEBUG org.springframework.test.context.support.TestPropertySourceUtils - Adding inlined properties to environment: {spring.jmx.enabled=false, org.springframework.boot.test.context.SpringBootTestContextBootstrapper=true}

  .   ____          _            __ _ _
 /\\ / ___'_ __ _ _(_)_ __  __ _ \ \ \ \
( ( )\___ | '_ | '_| | '_ \/ _` | \ \ \ \
 \\/  ___)| |_)| | | | | || (_| |  ) ) ) )
  '  |____| .__|_| |_|_| |_\__, | / / / /
 =========|_|==============|___/=/_/_/_/
 :: Spring Boot ::                (v2.4.2)

2021-02-26 19:12:35.226  INFO 2161 --- [    Test worker] c.e.s.SpringSecurityApplicationTests     : Starting SpringSecurityApplicationTests using Java 11.0.10 on DESKTOP-LQPVBQN with PID 2161 (started by jclee in /mnt/d/CMPE 172/lab4/spring-security)
2021-02-26 19:12:35.234  INFO 2161 --- [    Test worker] c.e.s.SpringSecurityApplicationTests     : No active profile set, falling back to default profiles: default
2021-02-26 19:12:52.345  WARN 2161 --- [    Test worker] o.s.security.core.userdetails.User       : User.withDefaultPasswordEncoder() is considered unsafe for production and is only intended for sample applications.
2021-02-26 19:12:58.307  INFO 2161 --- [    Test worker] o.s.s.web.DefaultSecurityFilterChain     : Will secure any request with [org.springframework.security.web.context.request.async.WebAsyncManagerIntegrationFilter@7fd492f8, org.springframework.security.web.context.SecurityContextPersistenceFilter@edae7155, org.springframework.security.web.header.HeaderWriterFilter@6cb047a9, org.springframework.security.web.csrf.CsrfFilter@31733c1d, org.springframework.security.web.authentication.logout.LogoutFilter@31f6ecf7, org.springframework.security.web.authentication.UsernamePasswordAuthenticationFilter@10e52026, org.springframework.security.web.savedrequest.RequestCacheAwareFilter@c61964a6, org.springframework.security.web.servletapi.SecurityContextHolderAwareRequestFilter@198fd727, org.springframework.security.web.authentication.AnonymousAuthenticationFilter@1549cf2e, org.springframework.security.web.session.SessionManagementFilter@841d63e8, org.springframework.security.web.access.ExceptionTranslationFilter@6a43d034, org.springframework.security.web.access.intercept.FilterSecurityInterceptor@f238330b]
2021-02-26 19:13:05.830  INFO 2161 --- [    Test worker] o.s.s.concurrent.ThreadPoolTaskExecutor  : Initializing ExecutorService 'applicationTaskExecutor'
2021-02-26 19:13:13.597  INFO 2161 --- [    Test worker] c.e.s.SpringSecurityApplicationTests     : Started SpringSecurityApplicationTests in 43.22 seconds (JVM running for 55.148)
]]></system-out>
  <system-err><![CDATA[]]></system-err>
</testsuite>
